[ 2014-11-04T10:08:02+08:00 ] ::1 /dotakeng/index.php?g=User&m=profile&a=edit_post
INFO: [ app_begin ] --START--
INFO: Run Behavior\ReadHtmlCacheBehavior [ RunTime:0.000418s ]
INFO: Run Behavior\CheckLangBehavior [ RunTime:0.000543s ]
INFO: [ app_begin ] --END-- [ RunTime:0.001315s ]
NOTIC: [8192] mysql_connect(): The mysql extension is deprecated and will be removed in the future: use mysqli or PDO instead C:\xampp\htdocs\Dotakeng\simplewind\Core\Library\Think\Db\Driver\Mysql.class.php 第 52 行.
SQL: SHOW COLUMNS FROM `dk_users` [ RunTime:0.042060s ]
SQL: UPDATE `dk_users` SET `user_nicename`='两仪式',`sex`=3,`birthday`='',`user_url`='',`signature`='' WHERE ( `id` = '2' ) [ RunTime:0.000353s ]
SQL: SELECT * FROM `dk_users` WHERE ( `id` = '2' ) LIMIT 1   [ RunTime:0.000381s ]
NOTIC: [8] Undefined index: data C:\xampp\htdocs\Dotakeng\application\Common\Action\AppframeAction.class.php 第 63 行.

[ 2014-11-04T10:22:14+08:00 ] ::1 /dotakeng/index.php?g=User&m=profile&a=edit_post
INFO: [ app_begin ] --START--
INFO: Run Behavior\ReadHtmlCacheBehavior [ RunTime:0.000526s ]
INFO: Run Behavior\CheckLangBehavior [ RunTime:0.000683s ]
INFO: [ app_begin ] --END-- [ RunTime:0.001574s ]
NOTIC: [8192] mysql_connect(): The mysql extension is deprecated and will be removed in the future: use mysqli or PDO instead C:\xampp\htdocs\Dotakeng\simplewind\Core\Library\Think\Db\Driver\Mysql.class.php 第 52 行.
SQL: SHOW COLUMNS FROM `dk_users` [ RunTime:0.009114s ]
SQL: UPDATE `dk_users` SET `user_nicename`='两仪式',`sex`=3,`birthday`='2007-11-22',`signature`='' WHERE ( `id` = '2' ) [ RunTime:0.000411s ]
SQL: SELECT * FROM `dk_users` WHERE ( `id` = '2' ) LIMIT 1   [ RunTime:0.000344s ]
NOTIC: [8] Undefined index: data C:\xampp\htdocs\Dotakeng\application\Common\Action\AppframeAction.class.php 第 63 行.

[ 2014-11-04T11:08:41+08:00 ] ::1 /dotakeng/index.php?g=User&m=profile&a=edit_post
INFO: [ app_begin ] --START--
INFO: Run Behavior\ReadHtmlCacheBehavior [ RunTime:0.000686s ]
INFO: Run Behavior\CheckLangBehavior [ RunTime:0.000597s ]
INFO: [ app_begin ] --END-- [ RunTime:0.001663s ]
NOTIC: [8192] mysql_connect(): The mysql extension is deprecated and will be removed in the future: use mysqli or PDO instead C:\xampp\htdocs\Dotakeng\simplewind\Core\Library\Think\Db\Driver\Mysql.class.php 第 52 行.
SQL: SHOW COLUMNS FROM `dk_users` [ RunTime:0.009759s ]
SQL: UPDATE `dk_users` SET `user_nicename`='芙兰朵露',`sex`=2,`birthday`='2007-11-22',`signature`='' WHERE ( `id` = '2' ) [ RunTime:0.021546s ]
SQL: SELECT * FROM `dk_users` WHERE ( `id` = '2' ) LIMIT 1   [ RunTime:0.000446s ]
NOTIC: [8] Undefined index: data C:\xampp\htdocs\Dotakeng\application\Common\Action\AppframeAction.class.php 第 63 行.

[ 2014-11-04T11:11:21+08:00 ] ::1 /dotakeng/index.php?g=user&m=register&a=doregister
INFO: [ app_begin ] --START--
INFO: Run Behavior\ReadHtmlCacheBehavior [ RunTime:0.000426s ]
INFO: Run Behavior\CheckLangBehavior [ RunTime:0.000569s ]
INFO: [ app_begin ] --END-- [ RunTime:0.001366s ]
NOTIC: [8192] mysql_connect(): The mysql extension is deprecated and will be removed in the future: use mysqli or PDO instead C:\xampp\htdocs\Dotakeng\simplewind\Core\Library\Think\Db\Driver\Mysql.class.php 第 52 行.
SQL: SHOW COLUMNS FROM `dk_users` [ RunTime:0.024509s ]
SQL: SELECT COUNT(*) AS tp_count FROM `dk_users` WHERE ( `user_login` = 'bao58521' ) OR ( `user_email` = '459666001@qq.com' ) LIMIT 1   [ RunTime:0.011422s ]
NOTIC: [8] Undefined index: data C:\xampp\htdocs\Dotakeng\application\Common\Action\AppframeAction.class.php 第 63 行.

[ 2014-11-04T11:11:23+08:00 ] ::1 /dotakeng/index.php?g=user&m=register&a=doregister
INFO: [ app_begin ] --START--
INFO: Run Behavior\ReadHtmlCacheBehavior [ RunTime:0.000465s ]
INFO: Run Behavior\CheckLangBehavior [ RunTime:0.000789s ]
INFO: [ app_begin ] --END-- [ RunTime:0.001668s ]
NOTIC: [8192] mysql_connect(): The mysql extension is deprecated and will be removed in the future: use mysqli or PDO instead C:\xampp\htdocs\Dotakeng\simplewind\Core\Library\Think\Db\Driver\Mysql.class.php 第 52 行.
SQL: SHOW COLUMNS FROM `dk_users` [ RunTime:0.008256s ]
SQL: SELECT COUNT(*) AS tp_count FROM `dk_users` WHERE ( `user_login` = 'bao58521' ) OR ( `user_email` = '459666001@qq.com' ) LIMIT 1   [ RunTime:0.000356s ]
NOTIC: [8] Undefined index: data C:\xampp\htdocs\Dotakeng\application\Common\Action\AppframeAction.class.php 第 63 行.

[ 2014-11-04T11:11:37+08:00 ] ::1 /dotakeng/index.php?g=user&m=register&a=doregister
INFO: [ app_begin ] --START--
INFO: Run Behavior\ReadHtmlCacheBehavior [ RunTime:0.000425s ]
INFO: Run Behavior\CheckLangBehavior [ RunTime:0.000596s ]
INFO: [ app_begin ] --END-- [ RunTime:0.001399s ]
NOTIC: [8192] mysql_connect(): The mysql extension is deprecated and will be removed in the future: use mysqli or PDO instead C:\xampp\htdocs\Dotakeng\simplewind\Core\Library\Think\Db\Driver\Mysql.class.php 第 52 行.
SQL: SHOW COLUMNS FROM `dk_users` [ RunTime:0.006897s ]
SQL: SELECT COUNT(*) AS tp_count FROM `dk_users` WHERE ( `user_login` = 'bao58521' ) OR ( `user_email` = 'filus520@gmail.com' ) LIMIT 1   [ RunTime:0.000524s ]
NOTIC: [8] Undefined index: data C:\xampp\htdocs\Dotakeng\application\Common\Action\AppframeAction.class.php 第 63 行.

[ 2014-11-04T11:11:39+08:00 ] ::1 /dotakeng/index.php?g=user&m=register&a=doregister
INFO: [ app_begin ] --START--
INFO: Run Behavior\ReadHtmlCacheBehavior [ RunTime:0.000430s ]
INFO: Run Behavior\CheckLangBehavior [ RunTime:0.000563s ]
INFO: [ app_begin ] --END-- [ RunTime:0.001352s ]
NOTIC: [8192] mysql_connect(): The mysql extension is deprecated and will be removed in the future: use mysqli or PDO instead C:\xampp\htdocs\Dotakeng\simplewind\Core\Library\Think\Db\Driver\Mysql.class.php 第 52 行.
SQL: SHOW COLUMNS FROM `dk_users` [ RunTime:0.006864s ]
SQL: SELECT COUNT(*) AS tp_count FROM `dk_users` WHERE ( `user_login` = 'bao58521' ) OR ( `user_email` = 'filus520@gmail.com' ) LIMIT 1   [ RunTime:0.000385s ]
NOTIC: [8] Undefined index: data C:\xampp\htdocs\Dotakeng\application\Common\Action\AppframeAction.class.php 第 63 行.

[ 2014-11-04T11:11:40+08:00 ] ::1 /dotakeng/index.php?g=user&m=register&a=doregister
INFO: [ app_begin ] --START--
INFO: Run Behavior\ReadHtmlCacheBehavior [ RunTime:0.000425s ]
INFO: Run Behavior\CheckLangBehavior [ RunTime:0.000554s ]
INFO: [ app_begin ] --END-- [ RunTime:0.001337s ]
NOTIC: [8192] mysql_connect(): The mysql extension is deprecated and will be removed in the future: use mysqli or PDO instead C:\xampp\htdocs\Dotakeng\simplewind\Core\Library\Think\Db\Driver\Mysql.class.php 第 52 行.
SQL: SHOW COLUMNS FROM `dk_users` [ RunTime:0.007206s ]
SQL: SELECT COUNT(*) AS tp_count FROM `dk_users` WHERE ( `user_login` = 'bao58521' ) OR ( `user_email` = 'filus520@gmail.com' ) LIMIT 1   [ RunTime:0.000345s ]
NOTIC: [8] Undefined index: data C:\xampp\htdocs\Dotakeng\application\Common\Action\AppframeAction.class.php 第 63 行.

[ 2014-11-04T11:11:43+08:00 ] ::1 /dotakeng/index.php?g=user&m=register&a=doregister
INFO: [ app_begin ] --START--
INFO: Run Behavior\ReadHtmlCacheBehavior [ RunTime:0.000439s ]
INFO: Run Behavior\CheckLangBehavior [ RunTime:0.000585s ]
INFO: [ app_begin ] --END-- [ RunTime:0.001465s ]
NOTIC: [8192] mysql_connect(): The mysql extension is deprecated and will be removed in the future: use mysqli or PDO instead C:\xampp\htdocs\Dotakeng\simplewind\Core\Library\Think\Db\Driver\Mysql.class.php 第 52 行.
SQL: SHOW COLUMNS FROM `dk_users` [ RunTime:0.007657s ]
SQL: SELECT COUNT(*) AS tp_count FROM `dk_users` WHERE ( `user_login` = 'bao58521' ) OR ( `user_email` = 'filus520@gmail.com' ) LIMIT 1   [ RunTime:0.000335s ]
NOTIC: [8] Undefined index: data C:\xampp\htdocs\Dotakeng\application\Common\Action\AppframeAction.class.php 第 63 行.

[ 2014-11-04T11:11:43+08:00 ] ::1 /dotakeng/index.php?g=user&m=register&a=doregister
INFO: [ app_begin ] --START--
INFO: Run Behavior\ReadHtmlCacheBehavior [ RunTime:0.000421s ]
INFO: Run Behavior\CheckLangBehavior [ RunTime:0.000559s ]
INFO: [ app_begin ] --END-- [ RunTime:0.001339s ]
NOTIC: [8192] mysql_connect(): The mysql extension is deprecated and will be removed in the future: use mysqli or PDO instead C:\xampp\htdocs\Dotakeng\simplewind\Core\Library\Think\Db\Driver\Mysql.class.php 第 52 行.
SQL: SHOW COLUMNS FROM `dk_users` [ RunTime:0.003766s ]
SQL: SELECT COUNT(*) AS tp_count FROM `dk_users` WHERE ( `user_login` = 'bao58521' ) OR ( `user_email` = 'filus520@gmail.com' ) LIMIT 1   [ RunTime:0.000445s ]
NOTIC: [8] Undefined index: data C:\xampp\htdocs\Dotakeng\application\Common\Action\AppframeAction.class.php 第 63 行.

[ 2014-11-04T11:11:48+08:00 ] ::1 /dotakeng/index.php?g=user&m=register&a=doregister
INFO: [ app_begin ] --START--
INFO: Run Behavior\ReadHtmlCacheBehavior [ RunTime:0.000435s ]
INFO: Run Behavior\CheckLangBehavior [ RunTime:0.000565s ]
INFO: [ app_begin ] --END-- [ RunTime:0.001373s ]
NOTIC: [8192] mysql_connect(): The mysql extension is deprecated and will be removed in the future: use mysqli or PDO instead C:\xampp\htdocs\Dotakeng\simplewind\Core\Library\Think\Db\Driver\Mysql.class.php 第 52 行.
SQL: SHOW COLUMNS FROM `dk_users` [ RunTime:0.006880s ]
SQL: SELECT COUNT(*) AS tp_count FROM `dk_users` WHERE ( `user_login` = 'x' ) OR ( `user_email` = 'filus520@gmail.com' ) LIMIT 1   [ RunTime:0.000306s ]
NOTIC: [8] Undefined index: data C:\xampp\htdocs\Dotakeng\application\Common\Action\AppframeAction.class.php 第 63 行.

[ 2014-11-04T11:11:48+08:00 ] ::1 /dotakeng/index.php?g=user&m=register&a=doregister
INFO: [ app_begin ] --START--
INFO: Run Behavior\ReadHtmlCacheBehavior [ RunTime:0.000440s ]
INFO: Run Behavior\CheckLangBehavior [ RunTime:0.000585s ]
INFO: [ app_begin ] --END-- [ RunTime:0.001433s ]
NOTIC: [8192] mysql_connect(): The mysql extension is deprecated and will be removed in the future: use mysqli or PDO instead C:\xampp\htdocs\Dotakeng\simplewind\Core\Library\Think\Db\Driver\Mysql.class.php 第 52 行.
SQL: SHOW COLUMNS FROM `dk_users` [ RunTime:0.004405s ]
SQL: SELECT COUNT(*) AS tp_count FROM `dk_users` WHERE ( `user_login` = 'x' ) OR ( `user_email` = 'filus520@gmail.com' ) LIMIT 1   [ RunTime:0.000333s ]
NOTIC: [8] Undefined index: data C:\xampp\htdocs\Dotakeng\application\Common\Action\AppframeAction.class.php 第 63 行.

[ 2014-11-04T11:11:59+08:00 ] ::1 /dotakeng/index.php?g=user&m=register&a=doregister
INFO: [ app_begin ] --START--
INFO: Run Behavior\ReadHtmlCacheBehavior [ RunTime:0.000474s ]
INFO: Run Behavior\CheckLangBehavior [ RunTime:0.000598s ]
INFO: [ app_begin ] --END-- [ RunTime:0.001492s ]
NOTIC: [8192] mysql_connect(): The mysql extension is deprecated and will be removed in the future: use mysqli or PDO instead C:\xampp\htdocs\Dotakeng\simplewind\Core\Library\Think\Db\Driver\Mysql.class.php 第 52 行.
SQL: SHOW COLUMNS FROM `dk_users` [ RunTime:0.007105s ]
SQL: SELECT COUNT(*) AS tp_count FROM `dk_users` WHERE ( `user_login` = 'bao58521' ) OR ( `user_email` = 'filus520@gmail.com' ) LIMIT 1   [ RunTime:0.000319s ]
NOTIC: [8] Undefined index: data C:\xampp\htdocs\Dotakeng\application\Common\Action\AppframeAction.class.php 第 63 行.

[ 2014-11-04T11:12:24+08:00 ] ::1 /dotakeng/index.php?g=user&m=register&a=doregister
INFO: [ app_begin ] --START--
INFO: Run Behavior\ReadHtmlCacheBehavior [ RunTime:0.000593s ]
INFO: Run Behavior\CheckLangBehavior [ RunTime:0.000851s ]
INFO: [ app_begin ] --END-- [ RunTime:0.001834s ]
NOTIC: [8192] mysql_connect(): The mysql extension is deprecated and will be removed in the future: use mysqli or PDO instead C:\xampp\htdocs\Dotakeng\simplewind\Core\Library\Think\Db\Driver\Mysql.class.php 第 52 行.
SQL: SHOW COLUMNS FROM `dk_users` [ RunTime:0.007742s ]
SQL: SELECT COUNT(*) AS tp_count FROM `dk_users` WHERE ( `user_login` = 'bao58521' ) OR ( `user_email` = 'filus520@gmail.com' ) LIMIT 1   [ RunTime:0.000365s ]
NOTIC: [8] Undefined index: data C:\xampp\htdocs\Dotakeng\application\Common\Action\AppframeAction.class.php 第 63 行.

[ 2014-11-04T11:12:25+08:00 ] ::1 /dotakeng/index.php?g=user&m=register&a=doregister
INFO: [ app_begin ] --START--
INFO: Run Behavior\ReadHtmlCacheBehavior [ RunTime:0.000431s ]
INFO: Run Behavior\CheckLangBehavior [ RunTime:0.000603s ]
INFO: [ app_begin ] --END-- [ RunTime:0.001424s ]
NOTIC: [8192] mysql_connect(): The mysql extension is deprecated and will be removed in the future: use mysqli or PDO instead C:\xampp\htdocs\Dotakeng\simplewind\Core\Library\Think\Db\Driver\Mysql.class.php 第 52 行.
SQL: SHOW COLUMNS FROM `dk_users` [ RunTime:0.006906s ]
SQL: SELECT COUNT(*) AS tp_count FROM `dk_users` WHERE ( `user_login` = 'bao58521' ) OR ( `user_email` = 'filus520@gmail.com' ) LIMIT 1   [ RunTime:0.000344s ]
NOTIC: [8] Undefined index: data C:\xampp\htdocs\Dotakeng\application\Common\Action\AppframeAction.class.php 第 63 行.

[ 2014-11-04T11:12:38+08:00 ] ::1 /dotakeng/index.php?g=user&m=register&a=doregister
INFO: [ app_begin ] --START--
INFO: Run Behavior\ReadHtmlCacheBehavior [ RunTime:0.000562s ]
INFO: Run Behavior\CheckLangBehavior [ RunTime:0.000647s ]
INFO: [ app_begin ] --END-- [ RunTime:0.001758s ]
NOTIC: [8192] mysql_connect(): The mysql extension is deprecated and will be removed in the future: use mysqli or PDO instead C:\xampp\htdocs\Dotakeng\simplewind\Core\Library\Think\Db\Driver\Mysql.class.php 第 52 行.
SQL: SHOW COLUMNS FROM `dk_users` [ RunTime:0.009726s ]
SQL: SELECT COUNT(*) AS tp_count FROM `dk_users` WHERE ( `user_login` = 'bao58521' ) OR ( `user_email` = 'filus520@hotmail.com' ) LIMIT 1   [ RunTime:0.000361s ]
SQL: INSERT INTO `dk_users` (`user_login`,`user_email`,`user_nicename`,`user_pass`,`last_login_ip`,`create_time`,`last_login_time`,`user_status`,`user_type`) VALUES ('bao58521','filus520@hotmail.com','bao58521','4dc785f2e6c1c12089c92dec67d31478efbdb1e4a7c9510b','0.0.0.0','2014-11-04 11:12:38','2014-11-04 11:12:38',1,2) [ RunTime:0.000424s ]
NOTIC: [8] Undefined index: data C:\xampp\htdocs\Dotakeng\application\Common\Action\AppframeAction.class.php 第 63 行.

[ 2014-11-04T11:12:48+08:00 ] ::1 /dotakeng/index.php?g=User&m=profile&a=edit_post
INFO: [ app_begin ] --START--
INFO: Run Behavior\ReadHtmlCacheBehavior [ RunTime:0.000447s ]
INFO: Run Behavior\CheckLangBehavior [ RunTime:0.000560s ]
INFO: [ app_begin ] --END-- [ RunTime:0.001382s ]
NOTIC: [8192] mysql_connect(): The mysql extension is deprecated and will be removed in the future: use mysqli or PDO instead C:\xampp\htdocs\Dotakeng\simplewind\Core\Library\Think\Db\Driver\Mysql.class.php 第 52 行.
SQL: SHOW COLUMNS FROM `dk_users` [ RunTime:0.007128s ]
SQL: UPDATE `dk_users` SET `user_nicename`='芙兰朵露',`sex`=0,`birthday`='',`signature`='' WHERE ( `id` = '3' ) [ RunTime:0.000350s ]
SQL: SELECT * FROM `dk_users` WHERE ( `id` = 3 ) LIMIT 1   [ RunTime:0.000373s ]
NOTIC: [8] Undefined index: data C:\xampp\htdocs\Dotakeng\application\Common\Action\AppframeAction.class.php 第 63 行.

[ 2014-11-04T11:12:50+08:00 ] ::1 /dotakeng/index.php?g=User&m=profile&a=edit_post
INFO: [ app_begin ] --START--
INFO: Run Behavior\ReadHtmlCacheBehavior [ RunTime:0.000462s ]
INFO: Run Behavior\CheckLangBehavior [ RunTime:0.000681s ]
INFO: [ app_begin ] --END-- [ RunTime:0.001533s ]
NOTIC: [8192] mysql_connect(): The mysql extension is deprecated and will be removed in the future: use mysqli or PDO instead C:\xampp\htdocs\Dotakeng\simplewind\Core\Library\Think\Db\Driver\Mysql.class.php 第 52 行.
SQL: SHOW COLUMNS FROM `dk_users` [ RunTime:0.008778s ]
SQL: UPDATE `dk_users` SET `user_nicename`='芙兰朵露',`sex`=0,`birthday`='0000-00-00',`signature`='' WHERE ( `id` = '3' ) [ RunTime:0.000300s ]
SQL: SELECT * FROM `dk_users` WHERE ( `id` = '3' ) LIMIT 1   [ RunTime:0.000321s ]
NOTIC: [8] Undefined index: data C:\xampp\htdocs\Dotakeng\application\Common\Action\AppframeAction.class.php 第 63 行.

[ 2014-11-04T11:23:53+08:00 ] ::1 /dotakeng/index.php?g=user&m=register&a=doregister
INFO: [ app_begin ] --START--
INFO: Run Behavior\ReadHtmlCacheBehavior [ RunTime:0.000505s ]
INFO: Run Behavior\CheckLangBehavior [ RunTime:0.000745s ]
INFO: [ app_begin ] --END-- [ RunTime:0.001616s ]
NOTIC: [8192] mysql_connect(): The mysql extension is deprecated and will be removed in the future: use mysqli or PDO instead C:\xampp\htdocs\Dotakeng\simplewind\Core\Library\Think\Db\Driver\Mysql.class.php 第 52 行.
SQL: SHOW COLUMNS FROM `dk_users` [ RunTime:0.007034s ]
SQL: SELECT COUNT(*) AS tp_count FROM `dk_users` WHERE ( `user_login` = 'xxx' ) OR ( `user_email` = 'sda@126.com' ) LIMIT 1   [ RunTime:0.000391s ]
SQL: INSERT INTO `dk_users` (`user_login`,`user_email`,`user_nicename`,`user_pass`,`last_login_ip`,`create_time`,`last_login_time`,`user_status`,`user_type`,`birthday`) VALUES ('xxx','sda@126.com','xxx','4dc785f2e6c1c12089c92dec67d31478efbdb1e4a7c9510b','0.0.0.0','2014-11-04 11:23:53','2014-11-04 11:23:53',1,2,'2014-11-04') [ RunTime:0.000317s ]
NOTIC: [8] Undefined index: data C:\xampp\htdocs\Dotakeng\application\Common\Action\AppframeAction.class.php 第 63 行.

