[ 2014-11-03T17:37:39+08:00 ] ::1 /dotakeng/index.php?g=Admin&m=setting&a=site_post
INFO: [ app_begin ] --START--
INFO: Run Behavior\ReadHtmlCacheBehavior [ RunTime:0.000503s ]
INFO: Run Behavior\CheckLangBehavior [ RunTime:0.000837s ]
INFO: [ app_begin ] --END-- [ RunTime:0.001718s ]
NOTIC: [8192] mysql_connect(): The mysql extension is deprecated and will be removed in the future: use mysqli or PDO instead C:\xampp\htdocs\Dotakeng\simplewind\Core\Library\Think\Db\Driver\Mysql.class.php 第 52 行.
SQL: SHOW COLUMNS FROM `dk_users` [ RunTime:0.008444s ]
SQL: SELECT * FROM `dk_users` WHERE ( id=1 ) LIMIT 1   [ RunTime:0.000391s ]
SQL: SHOW COLUMNS FROM `dk_options` [ RunTime:0.007900s ]
SQL: SELECT * FROM `dk_options` WHERE ( option_name='site_options' ) LIMIT 1   [ RunTime:0.000291s ]
SQL: UPDATE `dk_options` SET `option_id`=2,`option_name`='site_options',`option_value`='{\"site_name\":\"dota\\u5751\",\"site_host\":\"www.dotakeng.com\\/\",\"site_root\":\"\\/\",\"site_tpl\":\"simplebootx\",\"site_adminstyle\":\"bluesky\",\"site_icp\":\"\",\"site_admin_email\":\"filus520@gmail.com\",\"site_tongji\":\"\",\"site_copyright\":\"\",\"site_seo_title\":\"dota\\u5751\",\"site_seo_keywords\":\"dota dota2 dota\\u5751 dota\\u65b0\\u624b\\u8425\",\"site_seo_description\":\"dota\\u5751\\uff0c\\u4e0d\\u7528\\u5927\\u795e\\u5e26\\u4f60\\u98de\\uff01\",\"urlmode\":\"0\",\"html_suffix\":\"\"}' WHERE ( option_name='site_options' ) [ RunTime:0.000232s ]
NOTIC: [8] Undefined variable: r C:\xampp\htdocs\Dotakeng\application\Admin\Action\SettingAction.class.php 第 56 行.
NOTIC: [8] Undefined index: data C:\xampp\htdocs\Dotakeng\application\Common\Action\AppframeAction.class.php 第 63 行.

[ 2014-11-03T17:38:07+08:00 ] ::1 /dotakeng/index.php?g=user&m=register&a=doregister
INFO: [ app_begin ] --START--
INFO: Run Behavior\ReadHtmlCacheBehavior [ RunTime:0.000497s ]
INFO: Run Behavior\CheckLangBehavior [ RunTime:0.000639s ]
INFO: [ app_begin ] --END-- [ RunTime:0.001587s ]
NOTIC: [8192] mysql_connect(): The mysql extension is deprecated and will be removed in the future: use mysqli or PDO instead C:\xampp\htdocs\Dotakeng\simplewind\Core\Library\Think\Db\Driver\Mysql.class.php 第 52 行.
SQL: SHOW COLUMNS FROM `dk_users` [ RunTime:0.008143s ]
SQL: SELECT COUNT(*) AS tp_count FROM `dk_users` WHERE ( `user_login` = '两仪式' ) OR ( `user_email` = '459666001@qq.com' ) LIMIT 1   [ RunTime:0.000304s ]
SQL: INSERT INTO `dk_users` (`user_login`,`user_email`,`user_nicename`,`user_pass`,`last_login_ip`,`create_time`,`last_login_time`,`user_status`,`user_type`) VALUES ('两仪式','459666001@qq.com','两仪式','4dc785f2e6c1c12089c92dec67d31478efbdb1e4a7c9510b','0.0.0.0','2014-11-03 17:38:07','2014-11-03 17:38:07',1,2) [ RunTime:0.000270s ]
NOTIC: [8] Undefined index: data C:\xampp\htdocs\Dotakeng\application\Common\Action\AppframeAction.class.php 第 63 行.

[ 2014-11-03T17:39:13+08:00 ] ::1 /dotakeng/index.php?g=User&m=profile&a=avatar_update
INFO: [ app_begin ] --START--
INFO: Run Behavior\ReadHtmlCacheBehavior [ RunTime:0.000445s ]
INFO: Run Behavior\CheckLangBehavior [ RunTime:0.000577s ]
INFO: [ app_begin ] --END-- [ RunTime:0.001402s ]
NOTIC: [8192] mysql_connect(): The mysql extension is deprecated and will be removed in the future: use mysqli or PDO instead C:\xampp\htdocs\Dotakeng\simplewind\Core\Library\Think\Db\Driver\Mysql.class.php 第 52 行.
SQL: SHOW COLUMNS FROM `dk_users` [ RunTime:0.047431s ]
SQL: UPDATE `dk_users` SET `avatar`='54574d3978833.jpg' WHERE ( `id` = 2 ) [ RunTime:0.000365s ]
NOTIC: [8] Undefined index: data C:\xampp\htdocs\Dotakeng\application\Common\Action\AppframeAction.class.php 第 63 行.

